<?xml version="1.0" encoding="UTF-8"?>
<testsuite xmlns:xsi="http://www.w3.org/2001/XMLSchema-instance" xsi:noNamespaceSchemaLocation="https://maven.apache.org/surefire/maven-surefire-plugin/xsd/surefire-test-report-3.0.xsd" version="3.0" name="runner.TestRunner" time="46.385" tests="2" errors="0" skipped="0" failures="1">
  <properties>
    <property name="java.specification.version" value="17"/>
    <property name="sun.jnu.encoding" value="UTF-8"/>
    <property name="java.class.path" value="/Users/naveen.kanak/Workspace/Learning/s3/selenium-cucumber-tests/target/test-classes:/Users/naveen.kanak/Workspace/Learning/s3/selenium-cucumber-tests/target/classes:/Users/naveen.kanak/.m2/repository/junit/junit/4.13.1/junit-4.13.1.jar:/Users/naveen.kanak/.m2/repository/org/hamcrest/hamcrest-core/1.3/hamcrest-core-1.3.jar:/Users/naveen.kanak/.m2/repository/io/cucumber/cucumber-java/7.16.0/cucumber-java-7.16.0.jar:/Users/naveen.kanak/.m2/repository/io/cucumber/cucumber-core/7.16.0/cucumber-core-7.16.0.jar:/Users/naveen.kanak/.m2/repository/io/cucumber/cucumber-gherkin/7.16.0/cucumber-gherkin-7.16.0.jar:/Users/naveen.kanak/.m2/repository/io/cucumber/cucumber-gherkin-messages/7.16.0/cucumber-gherkin-messages-7.16.0.jar:/Users/naveen.kanak/.m2/repository/io/cucumber/gherkin/28.0.0/gherkin-28.0.0.jar:/Users/naveen.kanak/.m2/repository/io/cucumber/messages/24.0.1/messages-24.0.1.jar:/Users/naveen.kanak/.m2/repository/io/cucumber/tag-expressions/6.1.0/tag-expressions-6.1.0.jar:/Users/naveen.kanak/.m2/repository/io/cucumber/cucumber-expressions/17.1.0/cucumber-expressions-17.1.0.jar:/Users/naveen.kanak/.m2/repository/io/cucumber/datatable/7.16.0/datatable-7.16.0.jar:/Users/naveen.kanak/.m2/repository/io/cucumber/cucumber-plugin/7.16.0/cucumber-plugin-7.16.0.jar:/Users/naveen.kanak/.m2/repository/io/cucumber/docstring/7.16.0/docstring-7.16.0.jar:/Users/naveen.kanak/.m2/repository/io/cucumber/html-formatter/21.3.0/html-formatter-21.3.0.jar:/Users/naveen.kanak/.m2/repository/io/cucumber/junit-xml-formatter/0.2.1/junit-xml-formatter-0.2.1.jar:/Users/naveen.kanak/.m2/repository/io/cucumber/ci-environment/10.0.1/ci-environment-10.0.1.jar:/Users/naveen.kanak/.m2/repository/org/apiguardian/apiguardian-api/1.1.2/apiguardian-api-1.1.2.jar:/Users/naveen.kanak/.m2/repository/io/cucumber/cucumber-junit/7.16.0/cucumber-junit-7.16.0.jar:/Users/naveen.kanak/.m2/repository/org/seleniumhq/selenium/selenium-java/4.18.1/selenium-java-4.18.1.jar:/Users/naveen.kanak/.m2/repository/org/seleniumhq/selenium/selenium-api/4.18.1/selenium-api-4.18.1.jar:/Users/naveen.kanak/.m2/repository/org/seleniumhq/selenium/selenium-chrome-driver/4.18.1/selenium-chrome-driver-4.18.1.jar:/Users/naveen.kanak/.m2/repository/com/google/auto/service/auto-service-annotations/1.1.1/auto-service-annotations-1.1.1.jar:/Users/naveen.kanak/.m2/repository/org/seleniumhq/selenium/selenium-chromium-driver/4.18.1/selenium-chromium-driver-4.18.1.jar:/Users/naveen.kanak/.m2/repository/org/seleniumhq/selenium/selenium-json/4.18.1/selenium-json-4.18.1.jar:/Users/naveen.kanak/.m2/repository/org/seleniumhq/selenium/selenium-manager/4.18.1/selenium-manager-4.18.1.jar:/Users/naveen.kanak/.m2/repository/org/seleniumhq/selenium/selenium-devtools-v120/4.18.1/selenium-devtools-v120-4.18.1.jar:/Users/naveen.kanak/.m2/repository/org/seleniumhq/selenium/selenium-devtools-v121/4.18.1/selenium-devtools-v121-4.18.1.jar:/Users/naveen.kanak/.m2/repository/org/seleniumhq/selenium/selenium-devtools-v122/4.18.1/selenium-devtools-v122-4.18.1.jar:/Users/naveen.kanak/.m2/repository/org/seleniumhq/selenium/selenium-devtools-v85/4.18.1/selenium-devtools-v85-4.18.1.jar:/Users/naveen.kanak/.m2/repository/org/seleniumhq/selenium/selenium-edge-driver/4.18.1/selenium-edge-driver-4.18.1.jar:/Users/naveen.kanak/.m2/repository/org/seleniumhq/selenium/selenium-firefox-driver/4.18.1/selenium-firefox-driver-4.18.1.jar:/Users/naveen.kanak/.m2/repository/org/seleniumhq/selenium/selenium-http/4.18.1/selenium-http-4.18.1.jar:/Users/naveen.kanak/.m2/repository/dev/failsafe/failsafe/3.3.2/failsafe-3.3.2.jar:/Users/naveen.kanak/.m2/repository/org/seleniumhq/selenium/selenium-ie-driver/4.18.1/selenium-ie-driver-4.18.1.jar:/Users/naveen.kanak/.m2/repository/org/seleniumhq/selenium/selenium-remote-driver/4.18.1/selenium-remote-driver-4.18.1.jar:/Users/naveen.kanak/.m2/repository/com/google/guava/guava/33.0.0-jre/guava-33.0.0-jre.jar:/Users/naveen.kanak/.m2/repository/com/google/guava/failureaccess/1.0.2/failureaccess-1.0.2.jar:/Users/naveen.kanak/.m2/repository/com/google/guava/listenablefuture/9999.0-empty-to-avoid-conflict-with-guava/listenablefuture-9999.0-empty-to-avoid-conflict-with-guava.jar:/Users/naveen.kanak/.m2/repository/com/google/code/findbugs/jsr305/3.0.2/jsr305-3.0.2.jar:/Users/naveen.kanak/.m2/repository/org/checkerframework/checker-qual/3.41.0/checker-qual-3.41.0.jar:/Users/naveen.kanak/.m2/repository/com/google/errorprone/error_prone_annotations/2.23.0/error_prone_annotations-2.23.0.jar:/Users/naveen.kanak/.m2/repository/com/google/j2objc/j2objc-annotations/2.8/j2objc-annotations-2.8.jar:/Users/naveen.kanak/.m2/repository/io/opentelemetry/semconv/opentelemetry-semconv/1.23.1-alpha/opentelemetry-semconv-1.23.1-alpha.jar:/Users/naveen.kanak/.m2/repository/io/opentelemetry/opentelemetry-api/1.35.0/opentelemetry-api-1.35.0.jar:/Users/naveen.kanak/.m2/repository/io/opentelemetry/opentelemetry-context/1.35.0/opentelemetry-context-1.35.0.jar:/Users/naveen.kanak/.m2/repository/io/opentelemetry/opentelemetry-exporter-logging/1.35.0/opentelemetry-exporter-logging-1.35.0.jar:/Users/naveen.kanak/.m2/repository/io/opentelemetry/opentelemetry-sdk-common/1.35.0/opentelemetry-sdk-common-1.35.0.jar:/Users/naveen.kanak/.m2/repository/io/opentelemetry/opentelemetry-sdk-extension-autoconfigure-spi/1.35.0/opentelemetry-sdk-extension-autoconfigure-spi-1.35.0.jar:/Users/naveen.kanak/.m2/repository/io/opentelemetry/opentelemetry-sdk-extension-autoconfigure/1.35.0/opentelemetry-sdk-extension-autoconfigure-1.35.0.jar:/Users/naveen.kanak/.m2/repository/io/opentelemetry/opentelemetry-api-events/1.35.0-alpha/opentelemetry-api-events-1.35.0-alpha.jar:/Users/naveen.kanak/.m2/repository/io/opentelemetry/opentelemetry-sdk-trace/1.35.0/opentelemetry-sdk-trace-1.35.0.jar:/Users/naveen.kanak/.m2/repository/io/opentelemetry/opentelemetry-extension-incubator/1.35.0-alpha/opentelemetry-extension-incubator-1.35.0-alpha.jar:/Users/naveen.kanak/.m2/repository/io/opentelemetry/opentelemetry-sdk/1.35.0/opentelemetry-sdk-1.35.0.jar:/Users/naveen.kanak/.m2/repository/io/opentelemetry/opentelemetry-sdk-metrics/1.35.0/opentelemetry-sdk-metrics-1.35.0.jar:/Users/naveen.kanak/.m2/repository/io/opentelemetry/opentelemetry-sdk-logs/1.35.0/opentelemetry-sdk-logs-1.35.0.jar:/Users/naveen.kanak/.m2/repository/net/bytebuddy/byte-buddy/1.14.12/byte-buddy-1.14.12.jar:/Users/naveen.kanak/.m2/repository/org/seleniumhq/selenium/selenium-os/4.18.1/selenium-os-4.18.1.jar:/Users/naveen.kanak/.m2/repository/org/apache/commons/commons-exec/1.3/commons-exec-1.3.jar:/Users/naveen.kanak/.m2/repository/org/seleniumhq/selenium/selenium-safari-driver/4.18.1/selenium-safari-driver-4.18.1.jar:/Users/naveen.kanak/.m2/repository/org/seleniumhq/selenium/selenium-support/4.18.1/selenium-support-4.18.1.jar:/Users/naveen.kanak/.m2/repository/log4j/log4j/1.2.17/log4j-1.2.17.jar:"/>
    <property name="java.vm.vendor" value="Oracle Corporation"/>
    <property name="sun.arch.data.model" value="64"/>
    <property name="java.vendor.url" value="https://java.oracle.com/"/>
    <property name="os.name" value="Mac OS X"/>
    <property name="java.vm.specification.version" value="17"/>
    <property name="sun.java.launcher" value="SUN_STANDARD"/>
    <property name="user.country" value="GB"/>
    <property name="sun.boot.library.path" value="/Library/Java/JavaVirtualMachines/jdk-17.jdk/Contents/Home/lib"/>
    <property name="sun.java.command" value="/Users/naveen.kanak/Workspace/Learning/s3/selenium-cucumber-tests/target/surefire/surefirebooter-20240325110720654_3.jar /Users/naveen.kanak/Workspace/Learning/s3/selenium-cucumber-tests/target/surefire 2024-03-25T11-07-18_884-jvmRun1 surefire-20240325110720654_1tmp surefire_0-20240325110720654_2tmp"/>
    <property name="jdk.debug" value="release"/>
    <property name="surefire.test.class.path" value="/Users/naveen.kanak/Workspace/Learning/s3/selenium-cucumber-tests/target/test-classes:/Users/naveen.kanak/Workspace/Learning/s3/selenium-cucumber-tests/target/classes:/Users/naveen.kanak/.m2/repository/junit/junit/4.13.1/junit-4.13.1.jar:/Users/naveen.kanak/.m2/repository/org/hamcrest/hamcrest-core/1.3/hamcrest-core-1.3.jar:/Users/naveen.kanak/.m2/repository/io/cucumber/cucumber-java/7.16.0/cucumber-java-7.16.0.jar:/Users/naveen.kanak/.m2/repository/io/cucumber/cucumber-core/7.16.0/cucumber-core-7.16.0.jar:/Users/naveen.kanak/.m2/repository/io/cucumber/cucumber-gherkin/7.16.0/cucumber-gherkin-7.16.0.jar:/Users/naveen.kanak/.m2/repository/io/cucumber/cucumber-gherkin-messages/7.16.0/cucumber-gherkin-messages-7.16.0.jar:/Users/naveen.kanak/.m2/repository/io/cucumber/gherkin/28.0.0/gherkin-28.0.0.jar:/Users/naveen.kanak/.m2/repository/io/cucumber/messages/24.0.1/messages-24.0.1.jar:/Users/naveen.kanak/.m2/repository/io/cucumber/tag-expressions/6.1.0/tag-expressions-6.1.0.jar:/Users/naveen.kanak/.m2/repository/io/cucumber/cucumber-expressions/17.1.0/cucumber-expressions-17.1.0.jar:/Users/naveen.kanak/.m2/repository/io/cucumber/datatable/7.16.0/datatable-7.16.0.jar:/Users/naveen.kanak/.m2/repository/io/cucumber/cucumber-plugin/7.16.0/cucumber-plugin-7.16.0.jar:/Users/naveen.kanak/.m2/repository/io/cucumber/docstring/7.16.0/docstring-7.16.0.jar:/Users/naveen.kanak/.m2/repository/io/cucumber/html-formatter/21.3.0/html-formatter-21.3.0.jar:/Users/naveen.kanak/.m2/repository/io/cucumber/junit-xml-formatter/0.2.1/junit-xml-formatter-0.2.1.jar:/Users/naveen.kanak/.m2/repository/io/cucumber/ci-environment/10.0.1/ci-environment-10.0.1.jar:/Users/naveen.kanak/.m2/repository/org/apiguardian/apiguardian-api/1.1.2/apiguardian-api-1.1.2.jar:/Users/naveen.kanak/.m2/repository/io/cucumber/cucumber-junit/7.16.0/cucumber-junit-7.16.0.jar:/Users/naveen.kanak/.m2/repository/org/seleniumhq/selenium/selenium-java/4.18.1/selenium-java-4.18.1.jar:/Users/naveen.kanak/.m2/repository/org/seleniumhq/selenium/selenium-api/4.18.1/selenium-api-4.18.1.jar:/Users/naveen.kanak/.m2/repository/org/seleniumhq/selenium/selenium-chrome-driver/4.18.1/selenium-chrome-driver-4.18.1.jar:/Users/naveen.kanak/.m2/repository/com/google/auto/service/auto-service-annotations/1.1.1/auto-service-annotations-1.1.1.jar:/Users/naveen.kanak/.m2/repository/org/seleniumhq/selenium/selenium-chromium-driver/4.18.1/selenium-chromium-driver-4.18.1.jar:/Users/naveen.kanak/.m2/repository/org/seleniumhq/selenium/selenium-json/4.18.1/selenium-json-4.18.1.jar:/Users/naveen.kanak/.m2/repository/org/seleniumhq/selenium/selenium-manager/4.18.1/selenium-manager-4.18.1.jar:/Users/naveen.kanak/.m2/repository/org/seleniumhq/selenium/selenium-devtools-v120/4.18.1/selenium-devtools-v120-4.18.1.jar:/Users/naveen.kanak/.m2/repository/org/seleniumhq/selenium/selenium-devtools-v121/4.18.1/selenium-devtools-v121-4.18.1.jar:/Users/naveen.kanak/.m2/repository/org/seleniumhq/selenium/selenium-devtools-v122/4.18.1/selenium-devtools-v122-4.18.1.jar:/Users/naveen.kanak/.m2/repository/org/seleniumhq/selenium/selenium-devtools-v85/4.18.1/selenium-devtools-v85-4.18.1.jar:/Users/naveen.kanak/.m2/repository/org/seleniumhq/selenium/selenium-edge-driver/4.18.1/selenium-edge-driver-4.18.1.jar:/Users/naveen.kanak/.m2/repository/org/seleniumhq/selenium/selenium-firefox-driver/4.18.1/selenium-firefox-driver-4.18.1.jar:/Users/naveen.kanak/.m2/repository/org/seleniumhq/selenium/selenium-http/4.18.1/selenium-http-4.18.1.jar:/Users/naveen.kanak/.m2/repository/dev/failsafe/failsafe/3.3.2/failsafe-3.3.2.jar:/Users/naveen.kanak/.m2/repository/org/seleniumhq/selenium/selenium-ie-driver/4.18.1/selenium-ie-driver-4.18.1.jar:/Users/naveen.kanak/.m2/repository/org/seleniumhq/selenium/selenium-remote-driver/4.18.1/selenium-remote-driver-4.18.1.jar:/Users/naveen.kanak/.m2/repository/com/google/guava/guava/33.0.0-jre/guava-33.0.0-jre.jar:/Users/naveen.kanak/.m2/repository/com/google/guava/failureaccess/1.0.2/failureaccess-1.0.2.jar:/Users/naveen.kanak/.m2/repository/com/google/guava/listenablefuture/9999.0-empty-to-avoid-conflict-with-guava/listenablefuture-9999.0-empty-to-avoid-conflict-with-guava.jar:/Users/naveen.kanak/.m2/repository/com/google/code/findbugs/jsr305/3.0.2/jsr305-3.0.2.jar:/Users/naveen.kanak/.m2/repository/org/checkerframework/checker-qual/3.41.0/checker-qual-3.41.0.jar:/Users/naveen.kanak/.m2/repository/com/google/errorprone/error_prone_annotations/2.23.0/error_prone_annotations-2.23.0.jar:/Users/naveen.kanak/.m2/repository/com/google/j2objc/j2objc-annotations/2.8/j2objc-annotations-2.8.jar:/Users/naveen.kanak/.m2/repository/io/opentelemetry/semconv/opentelemetry-semconv/1.23.1-alpha/opentelemetry-semconv-1.23.1-alpha.jar:/Users/naveen.kanak/.m2/repository/io/opentelemetry/opentelemetry-api/1.35.0/opentelemetry-api-1.35.0.jar:/Users/naveen.kanak/.m2/repository/io/opentelemetry/opentelemetry-context/1.35.0/opentelemetry-context-1.35.0.jar:/Users/naveen.kanak/.m2/repository/io/opentelemetry/opentelemetry-exporter-logging/1.35.0/opentelemetry-exporter-logging-1.35.0.jar:/Users/naveen.kanak/.m2/repository/io/opentelemetry/opentelemetry-sdk-common/1.35.0/opentelemetry-sdk-common-1.35.0.jar:/Users/naveen.kanak/.m2/repository/io/opentelemetry/opentelemetry-sdk-extension-autoconfigure-spi/1.35.0/opentelemetry-sdk-extension-autoconfigure-spi-1.35.0.jar:/Users/naveen.kanak/.m2/repository/io/opentelemetry/opentelemetry-sdk-extension-autoconfigure/1.35.0/opentelemetry-sdk-extension-autoconfigure-1.35.0.jar:/Users/naveen.kanak/.m2/repository/io/opentelemetry/opentelemetry-api-events/1.35.0-alpha/opentelemetry-api-events-1.35.0-alpha.jar:/Users/naveen.kanak/.m2/repository/io/opentelemetry/opentelemetry-sdk-trace/1.35.0/opentelemetry-sdk-trace-1.35.0.jar:/Users/naveen.kanak/.m2/repository/io/opentelemetry/opentelemetry-extension-incubator/1.35.0-alpha/opentelemetry-extension-incubator-1.35.0-alpha.jar:/Users/naveen.kanak/.m2/repository/io/opentelemetry/opentelemetry-sdk/1.35.0/opentelemetry-sdk-1.35.0.jar:/Users/naveen.kanak/.m2/repository/io/opentelemetry/opentelemetry-sdk-metrics/1.35.0/opentelemetry-sdk-metrics-1.35.0.jar:/Users/naveen.kanak/.m2/repository/io/opentelemetry/opentelemetry-sdk-logs/1.35.0/opentelemetry-sdk-logs-1.35.0.jar:/Users/naveen.kanak/.m2/repository/net/bytebuddy/byte-buddy/1.14.12/byte-buddy-1.14.12.jar:/Users/naveen.kanak/.m2/repository/org/seleniumhq/selenium/selenium-os/4.18.1/selenium-os-4.18.1.jar:/Users/naveen.kanak/.m2/repository/org/apache/commons/commons-exec/1.3/commons-exec-1.3.jar:/Users/naveen.kanak/.m2/repository/org/seleniumhq/selenium/selenium-safari-driver/4.18.1/selenium-safari-driver-4.18.1.jar:/Users/naveen.kanak/.m2/repository/org/seleniumhq/selenium/selenium-support/4.18.1/selenium-support-4.18.1.jar:/Users/naveen.kanak/.m2/repository/log4j/log4j/1.2.17/log4j-1.2.17.jar:"/>
    <property name="sun.cpu.endian" value="little"/>
    <property name="user.home" value="/Users/naveen.kanak"/>
    <property name="user.language" value="en"/>
    <property name="java.specification.vendor" value="Oracle Corporation"/>
    <property name="java.version.date" value="2024-01-16"/>
    <property name="java.home" value="/Library/Java/JavaVirtualMachines/jdk-17.jdk/Contents/Home"/>
    <property name="file.separator" value="/"/>
    <property name="basedir" value="/Users/naveen.kanak/Workspace/Learning/s3/selenium-cucumber-tests"/>
    <property name="java.vm.compressedOopsMode" value="Zero based"/>
    <property name="line.separator" value="&#10;"/>
    <property name="java.vm.specification.vendor" value="Oracle Corporation"/>
    <property name="java.specification.name" value="Java Platform API Specification"/>
    <property name="surefire.real.class.path" value="/Users/naveen.kanak/Workspace/Learning/s3/selenium-cucumber-tests/target/surefire/surefirebooter-20240325110720654_3.jar"/>
    <property name="sun.management.compiler" value="HotSpot 64-Bit Tiered Compilers"/>
    <property name="java.runtime.version" value="17.0.10+11-LTS-240"/>
    <property name="user.name" value="naveen.kanak"/>
    <property name="path.separator" value=":"/>
    <property name="os.version" value="14.4"/>
    <property name="java.runtime.name" value="Java(TM) SE Runtime Environment"/>
    <property name="file.encoding" value="UTF-8"/>
    <property name="java.vm.name" value="Java HotSpot(TM) 64-Bit Server VM"/>
    <property name="localRepository" value="/Users/naveen.kanak/.m2/repository"/>
    <property name="java.vendor.url.bug" value="https://bugreport.java.com/bugreport/"/>
    <property name="java.io.tmpdir" value="/var/folders/m3/8vjv85z14ld8gdhft0r6p6fc0000gp/T/"/>
    <property name="java.version" value="17.0.10"/>
    <property name="user.dir" value="/Users/naveen.kanak/Workspace/Learning/s3/selenium-cucumber-tests"/>
    <property name="os.arch" value="aarch64"/>
    <property name="java.vm.specification.name" value="Java Virtual Machine Specification"/>
    <property name="native.encoding" value="UTF-8"/>
    <property name="java.library.path" value="/Users/naveen.kanak/Library/Java/Extensions:/Library/Java/Extensions:/Network/Library/Java/Extensions:/System/Library/Java/Extensions:/usr/lib/java:."/>
    <property name="java.vm.info" value="mixed mode, sharing"/>
    <property name="java.vendor" value="Oracle Corporation"/>
    <property name="java.vm.version" value="17.0.10+11-LTS-240"/>
    <property name="sun.io.unicode.encoding" value="UnicodeBig"/>
    <property name="java.class.version" value="61.0"/>
  </properties>
  <testcase name="List all the Samsung phones with specification as Camera Resolution - 20 MP and above, Model Year – 2023 &amp; Price Range between £200 - £250 #1" classname="Amazon Search" time="22.816">
    <system-out><![CDATA[
Scenario Outline: List all the Samsung phones with specification as Camera Resolution - 20 MP and above, Model Year – 2023 & Price Range between £200 - £250 &amp#27;[90m# src/test/resources/features/productSearch.feature:23&amp#27;[0m
2024-03-25 11:07:22 INFO  Hooks:27 - Test Started --> List all the Samsung phones with specification as Camera Resolution - 20 MP and above, Model Year – 2023 & Price Range between £200 - £250
  &amp#27;[32mGiven &amp#27;[0m&amp#27;[32mI am on the Amazon home page&amp#27;[0m                                                                                                                         &amp#27;[90m# org.amazon.stepdefs.HomePageStepDef.iAmOnTheAmazonHomePage()&amp#27;[0m
  &amp#27;[32mAnd &amp#27;[0m&amp#27;[32mI click on hamburger menu bar&amp#27;[0m                                                                                                                          &amp#27;[90m# org.amazon.stepdefs.HomePageStepDef.i_click_on_hamburger_menu_bar()&amp#27;[0m
  &amp#27;[32mAnd &amp#27;[0m&amp#27;[32mI click on Electronics And Computers&amp#27;[0m                                                                                                                   &amp#27;[90m# org.amazon.stepdefs.HomePageStepDef.i_click_on_electronics_And_Computers()&amp#27;[0m
testing
  &amp#27;[32mAnd &amp#27;[0m&amp#27;[32mI click on Phones and Accessories&amp#27;[0m                                                                                                                      &amp#27;[90m# org.amazon.stepdefs.HomePageStepDef.i_click_on_phones_and_Accessories()&amp#27;[0m
  &amp#27;[32mAnd &amp#27;[0m&amp#27;[32mI click on Mobile Phones & Smartphones&amp#27;[0m                                                                                                                 &amp#27;[90m# org.amazon.stepdefs.PhonesAndAccessoriesPageStepDef.i_click_on_mobile_phones_smartphones()&amp#27;[0m
  &amp#27;[32mWhen &amp#27;[0m&amp#27;[32mI select brand as &amp#27;[0m&amp#27;[32m&amp#27;[1m"Samsung"&amp#27;[0m                                                                                                                           &amp#27;[90m# org.amazon.stepdefs.SmartPhonesPageStepDef.i_select_brand_as(java.lang.String)&amp#27;[0m
  &amp#27;[32mAnd &amp#27;[0m&amp#27;[32mI select Camera Resolution as &amp#27;[0m&amp#27;[32m&amp#27;[1m"20 MP & above"&amp#27;[0m                                                                                                          &amp#27;[90m# org.amazon.stepdefs.SmartPhonesPageStepDef.i_select_camera_resolution_as(java.lang.String)&amp#27;[0m
  &amp#27;[32mAnd &amp#27;[0m&amp#27;[32mI select Model Year as &amp#27;[0m&amp#27;[32m&amp#27;[1m"2023"&amp#27;[0m                                                                                                                          &amp#27;[90m# org.amazon.stepdefs.SmartPhonesPageStepDef.i_select_model_year_as(java.lang.String)&amp#27;[0m
  &amp#27;[32mAnd &amp#27;[0m&amp#27;[32mI select Price Range between £&amp#27;[0m&amp#27;[32m&amp#27;[1m"200"&amp#27;[0m&amp#27;[32m to £&amp#27;[0m&amp#27;[32m&amp#27;[1m"250"&amp#27;[0m                                                                                                          &amp#27;[90m# org.amazon.stepdefs.SmartPhonesPageStepDef.i_select_price_range_between_£_to_£(java.lang.String,java.lang.String)&amp#27;[0m
  &amp#27;[32mAnd &amp#27;[0m&amp#27;[32mI click on Go button&amp#27;[0m                                                                                                                                   &amp#27;[90m# org.amazon.stepdefs.SmartPhonesPageStepDef.I_click_on_go_button()&amp#27;[0m
0 -> Samsung Galaxy A54 5G 128GB Awesome White 16,31cm (6,4") Super AMOLED Display, Android 13, 50MP Triple-Kamera
1 -> Samsung Galaxy A54 5G SM-A546B/DS 16,3 cm (6.4") Double SIM hybride Android 13 USB Type-C 8 Go 128 Go 5000 mAh Citron ve
2 -> Samsung Galaxy A54 128GB 5G Mobile Phone - Awesome Lime, SM-A546BLGCEUB/1
3 -> Samsung Galaxy A54 5G, unlocked, Graphite (German Version)
4 -> Samsung Galaxy A54 128GB 5G Mobile Phone - Awesome Violet, SM-A546BLVCEUB
5 -> Samsung Galaxy M34 5G (Waterfall Blue, 6GB, 128GB Storage) | 120Hz sAMOLED Display | 50MP Triple No Shake Cam | 6000 mAh Battery | 12GB RAM with RAM Plus | Android 13 | Without Charger
6 -> Samsung Galaxy A25 5G 16,5 cm (6.5") USB Type-C 6 Go 128 Go 5000 mAh Jaune
  &amp#27;[32mThen &amp#27;[0m&amp#27;[32mI can see list of products matching search criteria&amp#27;[0m                                                                                                   &amp#27;[90m# org.amazon.stepdefs.SearchResultPageStepDef.i_can_see_list_of_phones()&amp#27;[0m
  &amp#27;[32mAnd &amp#27;[0m&amp#27;[32mI can see only &amp#27;[0m&amp#27;[32m&amp#27;[1m"Samsung"&amp#27;[0m&amp#27;[32m products in the results&amp#27;[0m                                                                                                       &amp#27;[90m# org.amazon.stepdefs.SearchResultPageStepDef.i_can_see_only_samsung_products_in_the_results(java.lang.String)&amp#27;[0m
2024-03-25 11:07:43 INFO  Hooks:42 - Test Pass List all the Samsung phones with specification as Camera Resolution - 20 MP and above, Model Year – 2023 & Price Range between £200 - £250
]]></system-out>
    <system-err><![CDATA[Mar 25, 2024 11:07:22 AM org.openqa.selenium.devtools.CdpVersionFinder findNearestMatch
WARNING: Unable to find an exact match for CDP version 123, returning the closest version; found: 122; Please update to a Selenium version that supports CDP version 123
]]></system-err>
  </testcase>
  <testcase name="List all the Samsung phones with specification as Camera Resolution - 20 MP and above, Model Year – 2023 &amp; Price Range between £200 - £250 #2" classname="Amazon Search" time="23.332">
    <failure type="java.lang.AssertionError"><![CDATA[java.lang.AssertionError
	at org.junit.Assert.fail(Assert.java:87)
	at org.junit.Assert.assertTrue(Assert.java:42)
	at org.junit.Assert.assertTrue(Assert.java:53)
	at pages.SearchResultPage.verifyProductDisplayed(SearchResultPage.java:32)
	at org.amazon.stepdefs.SearchResultPageStepDef.i_can_see_only_samsung_products_in_the_results(SearchResultPageStepDef.java:20)
	at ✽.I can see only "Iphone" products in the results(file:///Users/naveen.kanak/Workspace/Learning/s3/selenium-cucumber-tests/src/test/resources/features/productSearch.feature:20)
]]></failure>
    <system-out><![CDATA[
Scenario Outline: List all the Samsung phones with specification as Camera Resolution - 20 MP and above, Model Year – 2023 & Price Range between £200 - £250 &amp#27;[90m# src/test/resources/features/productSearch.feature:24&amp#27;[0m
2024-03-25 11:07:44 INFO  Hooks:27 - Test Started --> List all the Samsung phones with specification as Camera Resolution - 20 MP and above, Model Year – 2023 & Price Range between £200 - £250
  &amp#27;[32mGiven &amp#27;[0m&amp#27;[32mI am on the Amazon home page&amp#27;[0m                                                                                                                         &amp#27;[90m# org.amazon.stepdefs.HomePageStepDef.iAmOnTheAmazonHomePage()&amp#27;[0m
  &amp#27;[32mAnd &amp#27;[0m&amp#27;[32mI click on hamburger menu bar&amp#27;[0m                                                                                                                          &amp#27;[90m# org.amazon.stepdefs.HomePageStepDef.i_click_on_hamburger_menu_bar()&amp#27;[0m
  &amp#27;[32mAnd &amp#27;[0m&amp#27;[32mI click on Electronics And Computers&amp#27;[0m                                                                                                                   &amp#27;[90m# org.amazon.stepdefs.HomePageStepDef.i_click_on_electronics_And_Computers()&amp#27;[0m
testing
  &amp#27;[32mAnd &amp#27;[0m&amp#27;[32mI click on Phones and Accessories&amp#27;[0m                                                                                                                      &amp#27;[90m# org.amazon.stepdefs.HomePageStepDef.i_click_on_phones_and_Accessories()&amp#27;[0m
  &amp#27;[32mAnd &amp#27;[0m&amp#27;[32mI click on Mobile Phones & Smartphones&amp#27;[0m                                                                                                                 &amp#27;[90m# org.amazon.stepdefs.PhonesAndAccessoriesPageStepDef.i_click_on_mobile_phones_smartphones()&amp#27;[0m
  &amp#27;[32mWhen &amp#27;[0m&amp#27;[32mI select brand as &amp#27;[0m&amp#27;[32m&amp#27;[1m"Samsung"&amp#27;[0m                                                                                                                           &amp#27;[90m# org.amazon.stepdefs.SmartPhonesPageStepDef.i_select_brand_as(java.lang.String)&amp#27;[0m
  &amp#27;[32mAnd &amp#27;[0m&amp#27;[32mI select Camera Resolution as &amp#27;[0m&amp#27;[32m&amp#27;[1m"20 MP & above"&amp#27;[0m                                                                                                          &amp#27;[90m# org.amazon.stepdefs.SmartPhonesPageStepDef.i_select_camera_resolution_as(java.lang.String)&amp#27;[0m
  &amp#27;[32mAnd &amp#27;[0m&amp#27;[32mI select Model Year as &amp#27;[0m&amp#27;[32m&amp#27;[1m"2023"&amp#27;[0m                                                                                                                          &amp#27;[90m# org.amazon.stepdefs.SmartPhonesPageStepDef.i_select_model_year_as(java.lang.String)&amp#27;[0m
  &amp#27;[32mAnd &amp#27;[0m&amp#27;[32mI select Price Range between £&amp#27;[0m&amp#27;[32m&amp#27;[1m"200"&amp#27;[0m&amp#27;[32m to £&amp#27;[0m&amp#27;[32m&amp#27;[1m"250"&amp#27;[0m                                                                                                          &amp#27;[90m# org.amazon.stepdefs.SmartPhonesPageStepDef.i_select_price_range_between_£_to_£(java.lang.String,java.lang.String)&amp#27;[0m
  &amp#27;[32mAnd &amp#27;[0m&amp#27;[32mI click on Go button&amp#27;[0m                                                                                                                                   &amp#27;[90m# org.amazon.stepdefs.SmartPhonesPageStepDef.I_click_on_go_button()&amp#27;[0m
0 -> Samsung Galaxy A54 5G 128GB Awesome White 16,31cm (6,4") Super AMOLED Display, Android 13, 50MP Triple-Kamera
1 -> Samsung Galaxy A54 5G SM-A546B/DS 16,3 cm (6.4") Double SIM hybride Android 13 USB Type-C 8 Go 128 Go 5000 mAh Citron ve
2 -> Samsung Galaxy A54 128GB 5G Mobile Phone - Awesome Lime, SM-A546BLGCEUB/1
3 -> Samsung Galaxy A54 5G, unlocked, Graphite (German Version)
4 -> Samsung Galaxy A54 128GB 5G Mobile Phone - Awesome Violet, SM-A546BLVCEUB
5 -> Samsung Galaxy M34 5G (Waterfall Blue, 6GB, 128GB Storage) | 120Hz sAMOLED Display | 50MP Triple No Shake Cam | 6000 mAh Battery | 12GB RAM with RAM Plus | Android 13 | Without Charger
6 -> Samsung Galaxy A25 5G 16,5 cm (6.5") USB Type-C 6 Go 128 Go 5000 mAh Jaune
  &amp#27;[32mThen &amp#27;[0m&amp#27;[32mI can see list of products matching search criteria&amp#27;[0m                                                                                                   &amp#27;[90m# org.amazon.stepdefs.SearchResultPageStepDef.i_can_see_list_of_phones()&amp#27;[0m
  &amp#27;[31mAnd &amp#27;[0m&amp#27;[31mI can see only &amp#27;[0m&amp#27;[31m&amp#27;[1m"Iphone"&amp#27;[0m&amp#27;[31m products in the results&amp#27;[0m                                                                                                        &amp#27;[90m# org.amazon.stepdefs.SearchResultPageStepDef.i_can_see_only_samsung_products_in_the_results(java.lang.String)&amp#27;[0m
      &amp#27;[31mjava.lang.AssertionError
	at org.junit.Assert.fail(Assert.java:87)
	at org.junit.Assert.assertTrue(Assert.java:42)
	at org.junit.Assert.assertTrue(Assert.java:53)
	at pages.SearchResultPage.verifyProductDisplayed(SearchResultPage.java:32)
	at org.amazon.stepdefs.SearchResultPageStepDef.i_can_see_only_samsung_products_in_the_results(SearchResultPageStepDef.java:20)
	at ✽.I can see only "Iphone" products in the results(file:///Users/naveen.kanak/Workspace/Learning/s3/selenium-cucumber-tests/src/test/resources/features/productSearch.feature:20)
&amp#27;[0m

    Embedding screenshot [image/png 1217560 bytes]

2024-03-25 11:08:06 INFO  Hooks:40 - Test failed List all the Samsung phones with specification as Camera Resolution - 20 MP and above, Model Year – 2023 & Price Range between £200 - £250
]]></system-out>
    <system-err><![CDATA[Mar 25, 2024 11:07:44 AM org.openqa.selenium.devtools.CdpVersionFinder findNearestMatch
WARNING: Unable to find an exact match for CDP version 123, returning the closest version; found: 122; Please update to a Selenium version that supports CDP version 123
]]></system-err>
  </testcase>
</testsuite>